2017-05-16 13:49:13,063 - tjy_transaction - INFO - query the account information
2017-05-16 13:49:22,409 - tjy_transaction - INFO - query the account information
2017-05-16 13:49:29,649 - tjy_transaction - INFO - action:repay   amount:1000.0     interest:0.0
2017-05-16 13:49:33,744 - tjy_transaction - INFO - action:repay   amount:10000.0     interest:0.0
2017-05-16 13:50:13,347 - tjy_transaction - INFO - query the account information
2017-05-16 13:50:18,624 - tjy_transaction - INFO - query the account information
2017-05-16 13:52:29,417 - tjy_transaction - INFO - query the account information
2017-05-16 13:52:34,161 - tjy_transaction - INFO - action:repay   amount:100.0     interest:0.0
2017-05-16 13:52:36,841 - tjy_transaction - INFO - action:repay   amount:3.0     interest:0.0
2017-05-16 13:52:38,793 - tjy_transaction - INFO - action:repay   amount:1000.0     interest:0.0
2017-05-16 13:53:03,524 - tjy_transaction - INFO - query the account information
2017-05-16 13:56:38,274 - tjy_transaction - INFO - query the account information
2017-05-16 13:56:46,626 - tjy_transaction - INFO - action:withdraw   amount:5.0     interest:0.25
2017-05-16 13:58:00,424 - tjy_transaction - INFO - query the account information
2017-05-16 14:01:14,802 - tjy_transaction - INFO - query the account information
2017-05-16 14:01:48,515 - tjy_transaction - INFO - query the account information
2017-05-17 11:21:08,330 - tjy_transaction - INFO - query the account information
2017-05-17 11:21:16,557 - tjy_transaction - INFO - query the account information
2017-05-17 13:17:42,979 - tjy_transaction - INFO - Buy Huawei Honor8 ,cost 2499$
2017-05-17 13:17:42,980 - tjy_transaction - INFO - Buy Kindle White3 ,cost 910$
2017-05-17 13:17:42,980 - tjy_transaction - INFO - Buy kingston USB3.0 64G ,cost 129$
2017-05-17 13:23:28,240 - tjy_transaction - INFO - Buy Kindle White3 ,cost 910$
2017-05-17 13:23:28,240 - tjy_transaction - INFO - Buy kingston USB3.0 64G ,cost 129$
2017-05-17 13:23:28,240 - tjy_transaction - INFO - Buy Beats X ,cost 1188$
2017-05-17 13:34:41,310 - tjy_transaction - INFO - Buy Kindle White3 ,cost 910$
2017-05-17 13:34:41,310 - tjy_transaction - INFO - Buy kingston USB3.0 64G ,cost 129$
2017-05-17 13:37:54,591 - tjy_transaction - INFO - Buy Kindle White3 ,cost 910$
2017-05-17 13:37:54,592 - tjy_transaction - INFO - Buy kingston USB3.0 64G ,cost 129$
2017-05-17 13:37:54,592 - tjy_transaction - INFO - Buy Beats X ,cost 1188$
2017-05-17 13:46:19,463 - tjy_transaction - INFO - Buy Kindle White3 ,cost 910$
2017-05-17 13:46:19,464 - tjy_transaction - INFO - Buy kingston USB3.0 64G ,cost 129$
2017-05-17 13:46:19,464 - tjy_transaction - INFO - Buy Beats X ,cost 1188$
2017-05-17 13:50:53,694 - tjy_transaction - INFO - query the account information
2017-05-17 14:01:21,978 - tjy_transaction - INFO - query the account information
